<?xml version="1.0" encoding="UTF-8"?>
<testsuite name="laba2.AppTest" tests="1" skipped="0" failures="0" errors="0" timestamp="2019-11-11T09:53:08" hostname="knigaYbica" time="0.001">
  <properties/>
  <testcase name="testAppHasAGreeting" classname="laba2.AppTest" time="0.001"/>
  <system-out><![CDATA[]]></system-out>
  <system-err><![CDATA[]]></system-err>
</testsuite>
